[debug] [2019-09-25T08:18:38.990Z] ----------------------------------------------------------------------
[debug] [2019-09-25T08:18:38.992Z] Command:       C:\Program Files\nodejs\node.exe C:\Users\pppashhe\AppData\Roaming\npm\node_modules\firebase-tools\lib\bin\firebase.js login --reauth
[debug] [2019-09-25T08:18:38.993Z] CLI Version:   7.3.2
[debug] [2019-09-25T08:18:38.993Z] Platform:      win32
[debug] [2019-09-25T08:18:38.993Z] Node Version:  v10.16.3
[debug] [2019-09-25T08:18:38.993Z] Time:          Wed Sep 25 2019 11:18:38 GMT+0300 (GMT+03:00)
[debug] [2019-09-25T08:18:38.994Z] ----------------------------------------------------------------------
[debug] 
[info] i  Firebase optionally collects CLI usage and error reporting information to help improve our products. Data is collected in accordance with Google's privacy policy (https://policies.google.com/privacy) and is not used to identify you.

[info] 
[info] Visit this URL on this device to log in:
[info] https://accounts.google.com/o/oauth2/auth?client_id=563584335869-fgrhgmd47bqnekij5i8b5pr03ho849e6.apps.googleusercontent.com&scope=email%20openid%20https%3A%2F%2Fwww.googleapis.com%2Fauth%2Fcloudplatformprojects.readonly%20https%3A%2F%2Fwww.googleapis.com%2Fauth%2Ffirebase%20https%3A%2F%2Fwww.googleapis.com%2Fauth%2Fcloud-platform&response_type=code&state=1028037695&redirect_uri=http%3A%2F%2Flocalhost%3A9005
[info] 
[info] Waiting for authentication...
[debug] [2019-09-25T08:18:45.861Z] >>> HTTP REQUEST POST https://accounts.google.com/o/oauth2/token  

[debug] [2019-09-25T08:18:46.868Z] Token Fetch Error: FirebaseError: Server Error. connect ECONNREFUSED 64.233.164.84:443
    at Request._callback (C:\Users\pppashhe\AppData\Roaming\npm\node_modules\firebase-tools\lib\api.js:30:31)
    at self.callback (C:\Users\pppashhe\AppData\Roaming\npm\node_modules\firebase-tools\node_modules\request\request.js:185:22)
    at Request.emit (events.js:198:13)
    at Request.EventEmitter.emit (domain.js:448:20)
    at Request.onRequestError (C:\Users\pppashhe\AppData\Roaming\npm\node_modules\firebase-tools\node_modules\request\request.js:881:8)
    at ClientRequest.emit (events.js:198:13)
    at ClientRequest.EventEmitter.emit (domain.js:448:20)
    at TLSSocket.socketErrorListener (_http_client.js:392:9)
    at TLSSocket.emit (events.js:198:13)
    at TLSSocket.EventEmitter.emit (domain.js:448:20)
[debug] [2019-09-25T08:20:45.485Z] ----------------------------------------------------------------------
[debug] [2019-09-25T08:20:45.489Z] Command:       C:\Program Files\nodejs\node.exe C:\Users\pppashhe\AppData\Roaming\npm\node_modules\firebase-tools\lib\bin\firebase.js login --debug
[debug] [2019-09-25T08:20:45.489Z] CLI Version:   7.3.2
[debug] [2019-09-25T08:20:45.489Z] Platform:      win32
[debug] [2019-09-25T08:20:45.489Z] Node Version:  v10.16.3
[debug] [2019-09-25T08:20:45.491Z] Time:          Wed Sep 25 2019 11:20:45 GMT+0300 (GMT+03:00)
[debug] [2019-09-25T08:20:45.491Z] ----------------------------------------------------------------------
[debug] 
[info] i  Firebase optionally collects CLI usage and error reporting information to help improve our products. Data is collected in accordance with Google's privacy policy (https://policies.google.com/privacy) and is not used to identify you.

[info] 
[info] Visit this URL on this device to log in:
[info] https://accounts.google.com/o/oauth2/auth?client_id=563584335869-fgrhgmd47bqnekij5i8b5pr03ho849e6.apps.googleusercontent.com&scope=email%20openid%20https%3A%2F%2Fwww.googleapis.com%2Fauth%2Fcloudplatformprojects.readonly%20https%3A%2F%2Fwww.googleapis.com%2Fauth%2Ffirebase%20https%3A%2F%2Fwww.googleapis.com%2Fauth%2Fcloud-platform&response_type=code&state=85743983&redirect_uri=http%3A%2F%2Flocalhost%3A9005
[info] 
[info] Waiting for authentication...
[debug] [2019-09-25T08:20:54.322Z] >>> HTTP REQUEST POST https://accounts.google.com/o/oauth2/token  

[debug] [2019-09-25T08:20:55.334Z] Token Fetch Error: FirebaseError: Server Error. connect ECONNREFUSED 64.233.164.84:443
    at Request._callback (C:\Users\pppashhe\AppData\Roaming\npm\node_modules\firebase-tools\lib\api.js:30:31)
    at self.callback (C:\Users\pppashhe\AppData\Roaming\npm\node_modules\firebase-tools\node_modules\request\request.js:185:22)
    at Request.emit (events.js:198:13)
    at Request.EventEmitter.emit (domain.js:448:20)
    at Request.onRequestError (C:\Users\pppashhe\AppData\Roaming\npm\node_modules\firebase-tools\node_modules\request\request.js:881:8)
    at ClientRequest.emit (events.js:198:13)
    at ClientRequest.EventEmitter.emit (domain.js:448:20)
    at TLSSocket.socketErrorListener (_http_client.js:392:9)
    at TLSSocket.emit (events.js:198:13)
    at TLSSocket.EventEmitter.emit (domain.js:448:20)
